Arguments: 
  /snap/node/5645/bin/node /usr/local/bin/yarnpkg config get registry

PATH: 
  /home/meeran/Meeran/node_modules/.bin:/home/meeran/node_modules/.bin:/home/node_modules/.bin:/node_modules/.bin:/snap/node/5645/lib/node_modules/npm/node_modules/@npmcli/run-script/lib/node-gyp-bin:/home/meeran/.npm/_npx/c67e74de0542c87c/node_modules/.bin:/usr/local/sbin:/usr/local/bin:/usr/sbin:/usr/bin:/sbin:/bin:/usr/games:/usr/local/games:/snap/bin:/snap/bin

Yarn version: 
  1.22.17

Node version: 
  16.13.1

Platform: 
  linux x64

Trace: 
  Error: EACCES: permission denied, write
      at writeSync (node:fs:884:3)
      at SyncWriteStream._write (node:internal/fs/sync_write_stream:25:3)
      at writeOrBuffer (node:internal/streams/writable:389:12)
      at _write (node:internal/streams/writable:330:10)
      at SyncWriteStream.Writable.write (node:internal/streams/writable:334:10)
      at ConsoleReporter._log (/usr/local/lib/node_modules/yarn/lib/cli.js:96904:17)
      at ConsoleReporter.log (/usr/local/lib/node_modules/yarn/lib/cli.js:96892:10)
      at get (/usr/local/lib/node_modules/yarn/lib/cli.js:87577:14)
      at Object.<anonymous> (/usr/local/lib/node_modules/yarn/lib/cli.js:25983:25)
      at Generator.next (<anonymous>)

npm manifest: 
  {
    "name": "ecommerce",
    "version": "0.1.0",
    "private": true
  }

yarn manifest: 
  No manifest

Lockfile: 
  No lockfile
